<?xml version="1.0" encoding="UTF-8"?>
<robot generator="Robot 2.8.7 (Jython 2.5.3 on java1.8.0_162)" generated="20181228 16:17:00.641">
<suite source="C:\Users\carolina.mesquita.RSINET\Desktop\robot\curso_robot_framework\tests" name="Tests" id="s1">
<suite source="C:\Users\carolina.mesquita.RSINET\Desktop\robot\curso_robot_framework\tests\TestSitePractice.robot" name="TestSitePractice" id="s1-s1">
<test name="Validar acesso ao blog robotzandotestes" id="s1-s1-t1">
<kw type="setup" name="Resource.Abrir navegador">
<doc></doc>
<arguments>
</arguments>
<kw type="kw" name="Open Browser">
<doc></doc>
<arguments>
<arg>${URL}</arg>
<arg>${BROWSER}</arg>
</arguments>
<msg level="FAIL" timestamp="20181228 16:17:00.980">No keyword with name 'Open Browser' found.</msg>
<status endtime="20181228 16:17:00.980" starttime="20181228 16:17:00.977" status="FAIL"></status>
</kw>
<status endtime="20181228 16:17:00.982" starttime="20181228 16:17:00.955" status="FAIL"></status>
</kw>
<kw type="teardown" name="Resource.Fechar navegador">
<doc></doc>
<arguments>
</arguments>
<kw type="kw" name="Close Browser">
<doc></doc>
<arguments>
</arguments>
<msg level="FAIL" timestamp="20181228 16:17:00.996">No keyword with name 'Close Browser' found.</msg>
<status endtime="20181228 16:17:00.996" starttime="20181228 16:17:00.995" status="FAIL"></status>
</kw>
<status endtime="20181228 16:17:00.998" starttime="20181228 16:17:00.984" status="FAIL">No keyword with name 'Close Browser' found.</status>
</kw>
<doc></doc>
<tags>
</tags>
<status critical="yes" endtime="20181228 16:17:01.005" starttime="20181228 16:17:00.946" status="FAIL">Setup failed:
No keyword with name 'Open Browser' found.

Also teardown failed:
No keyword with name 'Close Browser' found.</status>
</test>
<test name="Validar pequisa de postagens" id="s1-s1-t2">
<kw type="setup" name="Resource.Abrir navegador">
<doc></doc>
<arguments>
</arguments>
<kw type="kw" name="Open Browser">
<doc></doc>
<arguments>
<arg>${URL}</arg>
<arg>${BROWSER}</arg>
</arguments>
<msg level="FAIL" timestamp="20181228 16:17:01.031">No keyword with name 'Open Browser' found.</msg>
<status endtime="20181228 16:17:01.032" starttime="20181228 16:17:01.030" status="FAIL"></status>
</kw>
<status endtime="20181228 16:17:01.033" starttime="20181228 16:17:01.019" status="FAIL"></status>
</kw>
<kw type="teardown" name="Resource.Fechar navegador">
<doc></doc>
<arguments>
</arguments>
<kw type="kw" name="Close Browser">
<doc></doc>
<arguments>
</arguments>
<msg level="FAIL" timestamp="20181228 16:17:01.050">No keyword with name 'Close Browser' found.</msg>
<status endtime="20181228 16:17:01.051" starttime="20181228 16:17:01.049" status="FAIL"></status>
</kw>
<status endtime="20181228 16:17:01.053" starttime="20181228 16:17:01.035" status="FAIL">No keyword with name 'Close Browser' found.</status>
</kw>
<doc></doc>
<tags>
</tags>
<status critical="yes" endtime="20181228 16:17:01.057" starttime="20181228 16:17:01.014" status="FAIL">Setup failed:
No keyword with name 'Open Browser' found.

Also teardown failed:
No keyword with name 'Close Browser' found.</status>
</test>
<doc></doc>
<metadata>
</metadata>
<status endtime="20181228 16:17:01.066" starttime="20181228 16:17:00.867" status="FAIL"></status>
</suite>
<doc></doc>
<metadata>
</metadata>
<status endtime="20181228 16:17:01.076" starttime="20181228 16:17:00.644" status="FAIL"></status>
</suite>
<statistics>
<total>
<stat pass="0" fail="2">Critical Tests</stat>
<stat pass="0" fail="2">All Tests</stat>
</total>
<tag>
</tag>
<suite>
<stat pass="0" fail="2" name="Tests" id="s1">Tests</stat>
<stat pass="0" fail="2" name="TestSitePractice" id="s1-s1">Tests.TestSitePractice</stat>
</suite>
</statistics>
<errors>
<msg level="ERROR" timestamp="20181228 16:17:00.937">Error in file 'C:\Users\carolina.mesquita.RSINET\Desktop\robot\curso_robot_framework\resource\Resource.robot': Importing test library 'SeleniumLibrary' failed: ImportError: No module named SeleniumLibrary
Traceback (most recent call last):
  None
PYTHONPATH:
  C:\Users\carolina.mesquita.RSINET\.m2\repository\org\robotframework\robotframework\2.8.7\robotframework-2.8.7.jar\Lib\robot\libraries
  C:\Users\carolina.mesquita.RSINET\.m2\repository\org\robotframework\robotframework\2.8.7\robotframework-2.8.7.jar\Lib
  C:\Users\carolina.mesquita.RSINET\.m2\repository\org\robotframework\robotframework\2.8.7\Lib
  __classpath__
  __pyclasspath__/
  .
  C:\Users\carolina.mesquita.RSINET\Desktop\robot\curso_robot_framework
CLASSPATH:
  C:\Program Files\apache-maven-3.5.2\bin\..\boot\plexus-classworlds-2.5.2.jar</msg>
</errors>
</robot>
